

The automata has 9 states:

{1}
{3}
{3,4}
{4}
{1,2}
{1,2,3,4}
{2,3}
{2,3,4}
{2,4}


 ------------------------------------------------

THE ALPHABET: a b 
INITIAL STATE: {1} 
FINAL STATES: {1,2}  {1,2,3,4}  {2,3}  {2,3,4}  {2,4}  

 ------------------------------------------------ 


THE TRANSITIONS: 

{1} a {1,2}
{1} b {3}
{3} a {4}
{3} b {4}
{3,4} a {4}
{3,4} b {4}
{4} a {4}
{4} b {4}
{1,2} a {1,2,3,4}
{1,2} b {2,3}
{1,2,3,4} a {1,2,3,4}
{1,2,3,4} b {2,3,4}
{2,3} a {3,4}
{2,3} b {2,4}
{2,3,4} a {3,4}
{2,3,4} b {2,4}
{2,4} a {3,4}
{2,4} b {2,4}